<?xml version="1.0" encoding="UTF-8"?>
<robot generator="Robot 7.5 (Python 3.10.0 on win32)" generated="2026-09-22T15:30:47.965349" rpa="false" schemaversion="5">
<suite id="s1" name="Robot Ecommerce Test" source="C:\Users\arpan\Documents\Placement_Drive\Wipro_selenium\Practice\M4\ass_1\robot_ecommerce_test.robot">
<test id="s1-t1" name="Verify E-Commerce Website" line="14">
<kw name="Open Test Browser" type="SETUP">
<kw name="Open Browser" owner="SeleniumLibrary">
<msg time="2026-09-22T15:30:48.650644" level="INFO">Opening browser 'chrome' to base url 'https://demowebshop.tricentis.com/'.</msg>
<arg>${URL}</arg>
<arg>${BROWSER}</arg>
<doc>Opens a new browser instance to the optional ``url``.</doc>
<status status="PASS" start="2026-09-22T15:30:48.650644" elapsed="4.717337"/>
</kw>
<kw name="Maximize Browser Window" owner="SeleniumLibrary">
<doc>Maximizes current browser window.</doc>
<status status="PASS" start="2026-09-22T15:30:53.368980" elapsed="2.704891"/>
</kw>
<status status="PASS" start="2026-09-22T15:30:48.648992" elapsed="7.424879"/>
</kw>
<kw name="Page Should Contain" owner="SeleniumLibrary">
<msg time="2026-09-22T15:30:56.106712" level="INFO">Current page contains text 'Demo Web Shop'.</msg>
<arg>Demo Web Shop</arg>
<doc>Verifies that current page contains ``text``.</doc>
<status status="PASS" start="2026-09-22T15:30:56.075707" elapsed="0.031005"/>
</kw>
<kw name="Title Should Be" owner="SeleniumLibrary">
<msg time="2026-09-22T15:30:56.147490" level="INFO">Page title is 'Demo Web Shop'.</msg>
<arg>Demo Web Shop</arg>
<doc>Verifies that the current page title equals ``title``.</doc>
<status status="PASS" start="2026-09-22T15:30:56.108713" elapsed="0.039776"/>
</kw>
<kw name="Close Browser" owner="SeleniumLibrary" type="TEARDOWN">
<doc>Closes the current browser.</doc>
<status status="PASS" start="2026-09-22T15:30:56.149488" elapsed="2.391881"/>
</kw>
<status status="PASS" start="2026-09-22T15:30:48.646990" elapsed="9.894379"/>
</test>
<test id="s1-t2" name="Verify Search Functionality" line="19">
<kw name="Open Test Browser" type="SETUP">
<kw name="Open Browser" owner="SeleniumLibrary">
<msg time="2026-09-22T15:30:58.544787" level="INFO">Opening browser 'chrome' to base url 'https://demowebshop.tricentis.com/'.</msg>
<arg>${URL}</arg>
<arg>${BROWSER}</arg>
<doc>Opens a new browser instance to the optional ``url``.</doc>
<status status="PASS" start="2026-09-22T15:30:58.544787" elapsed="4.741303"/>
</kw>
<kw name="Maximize Browser Window" owner="SeleniumLibrary">
<doc>Maximizes current browser window.</doc>
<status status="PASS" start="2026-09-22T15:31:03.287090" elapsed="0.039028"/>
</kw>
<status status="PASS" start="2026-09-22T15:30:58.543791" elapsed="4.783329"/>
</kw>
<kw name="Input Text" owner="SeleniumLibrary">
<msg time="2026-09-22T15:31:03.328581" level="INFO">Typing text 'laptop' into text field 'id=small-searchterms'.</msg>
<arg>id=small-searchterms</arg>
<arg>laptop</arg>
<doc>Types the given ``text`` into the text field identified by ``locator``.</doc>
<status status="PASS" start="2026-09-22T15:31:03.327120" elapsed="0.149449"/>
</kw>
<kw name="Click Button" owner="SeleniumLibrary">
<msg time="2026-09-22T15:31:03.477599" level="INFO">Clicking button 'xpath=//input[@value='Search']'.</msg>
<arg>xpath=//input[@value='Search']</arg>
<doc>Clicks the button identified by ``locator``.</doc>
<status status="PASS" start="2026-09-22T15:31:03.476569" elapsed="0.997674"/>
</kw>
<kw name="Page Should Contain" owner="SeleniumLibrary">
<msg time="2026-09-22T15:31:04.490441" level="INFO">Current page contains text 'Search'.</msg>
<arg>Search</arg>
<doc>Verifies that current page contains ``text``.</doc>
<status status="PASS" start="2026-09-22T15:31:04.474243" elapsed="0.016198"/>
</kw>
<kw name="Capture Page Screenshot" owner="SeleniumLibrary">
<msg time="2026-09-22T15:31:04.708577" level="INFO" html="true">&lt;/td&gt;&lt;/tr&gt;&lt;tr&gt;&lt;td colspan="3"&gt;&lt;a href="screenshots/search_result.png"&gt;&lt;img src="screenshots/search_result.png" width="800px"&gt;&lt;/a&gt;</msg>
<arg>screenshots/search_result.png</arg>
<doc>Takes a screenshot of the current page and embeds it into a log file.</doc>
<status status="PASS" start="2026-09-22T15:31:04.490441" elapsed="0.218136"/>
</kw>
<kw name="Close Browser" owner="SeleniumLibrary" type="TEARDOWN">
<doc>Closes the current browser.</doc>
<status status="PASS" start="2026-09-22T15:31:04.708577" elapsed="2.300850"/>
</kw>
<status status="PASS" start="2026-09-22T15:30:58.542368" elapsed="8.467059"/>
</test>
<status status="PASS" start="2026-09-22T15:30:47.967834" elapsed="19.042708"/>
</suite>
<statistics>
<total>
<stat pass="2" fail="0" skip="0">All Tests</stat>
</total>
<tag>
</tag>
<suite>
<stat name="Robot Ecommerce Test" id="s1" pass="2" fail="0" skip="0">Robot Ecommerce Test</stat>
</suite>
</statistics>
<errors>
</errors>
</robot>
